[2019-12-06 14:34:12] INFO  org.springframework.boot.StartupInfoLogger 50 logStarting - Starting SpringbootLog4j2Application on A1789 with PID 496184 (E:\mygitcode\SpringbootDemo\Springboot_Log4j2\target\classes started by jdd in E:\mygitcode\SpringbootDemo)
[2019-12-06 14:34:12] INFO  org.springframework.boot.SpringApplication 659 logStartupProfileInfo - No active profile set, falling back to default profiles: default
[2019-12-06 14:34:12] INFO  org.springframework.context.support.AbstractApplicationContext 590 prepareRefresh - Refreshing org.springframework.boot.web.servlet.context.AnnotationConfigServletWebServerApplicationContext@56cdfb3b: startup date [Fri Dec 06 14:34:12 CST 2019]; root of context hierarchy
[2019-12-06 14:34:14] INFO  org.springframework.boot.web.embedded.tomcat.TomcatWebServer 91 initialize - Tomcat initialized with port(s): 8080 (http)
[2019-12-06 14:34:14] INFO  org.apache.juli.logging.DirectJDKLog 180 log - Starting service [Tomcat]
[2019-12-06 14:34:14] INFO  org.apache.juli.logging.DirectJDKLog 180 log - Starting Servlet Engine: Apache Tomcat/8.5.31
[2019-12-06 14:34:14] INFO  org.apache.juli.logging.DirectJDKLog 180 log - The APR based Apache Tomcat Native library which allows optimal performance in production environments was not found on the java.library.path: [C:\Program Files\Java\jdk1.8.0_31\bin;C:\Windows\Sun\Java\bin;C:\Windows\system32;C:\Windows;C:\Program Files\Java\jdk1.8.0_31\bin;C:\Program Files\Java\jdk1.8.0_31\jre\bin;F:\maven\apache-maven-3.3.9\bin;C:\ProgramData\Oracle\Java\javapath;C:\Windows\system32;C:\Windows;C:\Windows\System32\Wbem;C:\Windows\System32\WindowsPowerShell\v1.0\;C:\Program Files\TortoiseSVN\bin;C:\Program Files\Git\cmd;F:\soft\db\instantclient_12_2;D:\spring-2.0.0.M5\bin;C:\Program Files\nodejs\;C:\Windows\system32\config\systemprofile\.dnx\bin;C:\Program Files\Microsoft DNX\Dnvm\;C:\Program Files\Microsoft SQL Server\120\Tools\Binn\;C:\Program Files\Microsoft SQL Server\130\Tools\Binn\;C:\Program Files\Microsoft SQL Server\120\DTS\Binn\;C:\Program Files\Microsoft SQL Server\Client SDK\ODBC\110\Tools\Binn\;C:\Program Files (x86)\Microsoft SQL Server\120\Tools\Binn\;C:\Program Files (x86)\Microsoft SQL Server\120\Tools\Binn\ManagementStudio\;C:\Program Files (x86)\Microsoft SQL Server\120\DTS\Binn\;D:\Program Files\erl7.1\bin;C:\Users\jdd\AppData\Local\Programs\Fiddler;C:\Users\jdd\AppData\Roaming\npm;C:\Users\jdd\AppData\Roaming\ScanApp2;.]
[2019-12-06 14:34:14] INFO  org.apache.juli.logging.DirectJDKLog 180 log - Initializing Spring embedded WebApplicationContext
[2019-12-06 14:34:14] INFO  org.springframework.boot.web.servlet.context.ServletWebServerApplicationContext 285 prepareWebApplicationContext - Root WebApplicationContext: initialization completed in 2005 ms
[2019-12-06 14:34:14] INFO  org.springframework.boot.web.servlet.ServletRegistrationBean 186 addRegistration - Servlet dispatcherServlet mapped to [/]
[2019-12-06 14:34:14] INFO  org.springframework.boot.web.servlet.AbstractFilterRegistrationBean 245 configure - Mapping filter: 'characterEncodingFilter' to: [/*]
[2019-12-06 14:34:14] INFO  org.springframework.boot.web.servlet.AbstractFilterRegistrationBean 245 configure - Mapping filter: 'hiddenHttpMethodFilter' to: [/*]
[2019-12-06 14:34:14] INFO  org.springframework.boot.web.servlet.AbstractFilterRegistrationBean 245 configure - Mapping filter: 'httpPutFormContentFilter' to: [/*]
[2019-12-06 14:34:14] INFO  org.springframework.boot.web.servlet.AbstractFilterRegistrationBean 245 configure - Mapping filter: 'requestContextFilter' to: [/*]
[2019-12-06 14:34:14] INFO  org.springframework.web.servlet.handler.AbstractUrlHandlerMapping 373 registerHandler - Mapped URL path [/**/favicon.ico] onto handler of type [class org.springframework.web.servlet.resource.ResourceHttpRequestHandler]
[2019-12-06 14:34:14] INFO  org.springframework.web.servlet.mvc.method.annotation.RequestMappingHandlerAdapter 574 initControllerAdviceCache - Looking for @ControllerAdvice: org.springframework.boot.web.servlet.context.AnnotationConfigServletWebServerApplicationContext@56cdfb3b: startup date [Fri Dec 06 14:34:12 CST 2019]; root of context hierarchy
[2019-12-06 14:34:15] INFO  org.springframework.web.servlet.handler.AbstractHandlerMethodMapping$MappingRegistry 547 register - Mapped "{[/hello]}" onto public java.lang.String com.example.controller.UserController.Hello()
[2019-12-06 14:34:15] INFO  org.springframework.web.servlet.handler.AbstractHandlerMethodMapping$MappingRegistry 547 register - Mapped "{[/error]}" onto public org.springframework.http.ResponseEntity<java.util.Map<java.lang.String, java.lang.Object>> org.springframework.boot.autoconfigure.web.servlet.error.BasicErrorController.error(javax.servlet.http.HttpServletRequest)
[2019-12-06 14:34:15] INFO  org.springframework.web.servlet.handler.AbstractHandlerMethodMapping$MappingRegistry 547 register - Mapped "{[/error],produces=[text/html]}" onto public org.springframework.web.servlet.ModelAndView org.springframework.boot.autoconfigure.web.servlet.error.BasicErrorController.errorHtml(javax.servlet.http.HttpServletRequest,javax.servlet.http.HttpServletResponse)
[2019-12-06 14:34:15] INFO  org.springframework.web.servlet.handler.AbstractUrlHandlerMapping 373 registerHandler - Mapped URL path [/webjars/**] onto handler of type [class org.springframework.web.servlet.resource.ResourceHttpRequestHandler]
[2019-12-06 14:34:15] INFO  org.springframework.web.servlet.handler.AbstractUrlHandlerMapping 373 registerHandler - Mapped URL path [/**] onto handler of type [class org.springframework.web.servlet.resource.ResourceHttpRequestHandler]
[2019-12-06 14:34:15] INFO  org.springframework.jmx.export.MBeanExporter 433 afterSingletonsInstantiated - Registering beans for JMX exposure on startup
[2019-12-06 14:34:15] INFO  org.springframework.boot.web.embedded.tomcat.TomcatWebServer 206 start - Tomcat started on port(s): 8080 (http) with context path ''
[2019-12-06 14:34:15] INFO  org.springframework.boot.StartupInfoLogger 59 logStarted - Started SpringbootLog4j2Application in 3.917 seconds (JVM running for 5.696)
[2019-12-06 14:34:32] INFO  org.apache.juli.logging.DirectJDKLog 180 log - Initializing Spring FrameworkServlet 'dispatcherServlet'
[2019-12-06 14:34:32] INFO  org.springframework.web.servlet.FrameworkServlet 494 initServletBean - FrameworkServlet 'dispatcherServlet': initialization started
[2019-12-06 14:34:32] INFO  org.springframework.web.servlet.FrameworkServlet 509 initServletBean - FrameworkServlet 'dispatcherServlet': initialization completed in 28 ms
[2019-12-06 14:34:32] INFO  com.example.controller.UserController 19 Hello - info message
[2019-12-06 14:35:52] INFO  org.springframework.boot.StartupInfoLogger 50 logStarting - Starting SpringbootLog4j2Application on A1789 with PID 487576 (E:\mygitcode\SpringbootDemo\Springboot_Log4j2\target\classes started by jdd in E:\mygitcode\SpringbootDemo)
[2019-12-06 14:35:52] INFO  org.springframework.boot.SpringApplication 659 logStartupProfileInfo - No active profile set, falling back to default profiles: default
[2019-12-06 14:35:52] INFO  org.springframework.context.support.AbstractApplicationContext 590 prepareRefresh - Refreshing org.springframework.boot.web.servlet.context.AnnotationConfigServletWebServerApplicationContext@6f63b475: startup date [Fri Dec 06 14:35:52 CST 2019]; root of context hierarchy
[2019-12-06 14:35:53] INFO  org.springframework.boot.web.embedded.tomcat.TomcatWebServer 91 initialize - Tomcat initialized with port(s): 8080 (http)
[2019-12-06 14:35:53] INFO  org.apache.juli.logging.DirectJDKLog 180 log - Starting service [Tomcat]
[2019-12-06 14:35:53] INFO  org.apache.juli.logging.DirectJDKLog 180 log - Starting Servlet Engine: Apache Tomcat/8.5.31
[2019-12-06 14:35:53] INFO  org.apache.juli.logging.DirectJDKLog 180 log - The APR based Apache Tomcat Native library which allows optimal performance in production environments was not found on the java.library.path: [C:\Program Files\Java\jdk1.8.0_31\bin;C:\Windows\Sun\Java\bin;C:\Windows\system32;C:\Windows;C:\Program Files\Java\jdk1.8.0_31\bin;C:\Program Files\Java\jdk1.8.0_31\jre\bin;F:\maven\apache-maven-3.3.9\bin;C:\ProgramData\Oracle\Java\javapath;C:\Windows\system32;C:\Windows;C:\Windows\System32\Wbem;C:\Windows\System32\WindowsPowerShell\v1.0\;C:\Program Files\TortoiseSVN\bin;C:\Program Files\Git\cmd;F:\soft\db\instantclient_12_2;D:\spring-2.0.0.M5\bin;C:\Program Files\nodejs\;C:\Windows\system32\config\systemprofile\.dnx\bin;C:\Program Files\Microsoft DNX\Dnvm\;C:\Program Files\Microsoft SQL Server\120\Tools\Binn\;C:\Program Files\Microsoft SQL Server\130\Tools\Binn\;C:\Program Files\Microsoft SQL Server\120\DTS\Binn\;C:\Program Files\Microsoft SQL Server\Client SDK\ODBC\110\Tools\Binn\;C:\Program Files (x86)\Microsoft SQL Server\120\Tools\Binn\;C:\Program Files (x86)\Microsoft SQL Server\120\Tools\Binn\ManagementStudio\;C:\Program Files (x86)\Microsoft SQL Server\120\DTS\Binn\;D:\Program Files\erl7.1\bin;C:\Users\jdd\AppData\Local\Programs\Fiddler;C:\Users\jdd\AppData\Roaming\npm;C:\Users\jdd\AppData\Roaming\ScanApp2;.]
[2019-12-06 14:35:53] INFO  org.apache.juli.logging.DirectJDKLog 180 log - Initializing Spring embedded WebApplicationContext
[2019-12-06 14:35:53] INFO  org.springframework.boot.web.servlet.context.ServletWebServerApplicationContext 285 prepareWebApplicationContext - Root WebApplicationContext: initialization completed in 1521 ms
[2019-12-06 14:35:54] INFO  org.springframework.boot.web.servlet.ServletRegistrationBean 186 addRegistration - Servlet dispatcherServlet mapped to [/]
[2019-12-06 14:35:54] INFO  org.springframework.boot.web.servlet.AbstractFilterRegistrationBean 245 configure - Mapping filter: 'characterEncodingFilter' to: [/*]
[2019-12-06 14:35:54] INFO  org.springframework.boot.web.servlet.AbstractFilterRegistrationBean 245 configure - Mapping filter: 'hiddenHttpMethodFilter' to: [/*]
[2019-12-06 14:35:54] INFO  org.springframework.boot.web.servlet.AbstractFilterRegistrationBean 245 configure - Mapping filter: 'httpPutFormContentFilter' to: [/*]
[2019-12-06 14:35:54] INFO  org.springframework.boot.web.servlet.AbstractFilterRegistrationBean 245 configure - Mapping filter: 'requestContextFilter' to: [/*]
[2019-12-06 14:35:54] INFO  org.springframework.web.servlet.handler.AbstractUrlHandlerMapping 373 registerHandler - Mapped URL path [/**/favicon.ico] onto handler of type [class org.springframework.web.servlet.resource.ResourceHttpRequestHandler]
[2019-12-06 14:35:54] INFO  org.springframework.web.servlet.mvc.method.annotation.RequestMappingHandlerAdapter 574 initControllerAdviceCache - Looking for @ControllerAdvice: org.springframework.boot.web.servlet.context.AnnotationConfigServletWebServerApplicationContext@6f63b475: startup date [Fri Dec 06 14:35:52 CST 2019]; root of context hierarchy
[2019-12-06 14:35:54] INFO  org.springframework.web.servlet.handler.AbstractHandlerMethodMapping$MappingRegistry 547 register - Mapped "{[/hello]}" onto public java.lang.String com.example.controller.UserController.Hello()
[2019-12-06 14:35:54] INFO  org.springframework.web.servlet.handler.AbstractHandlerMethodMapping$MappingRegistry 547 register - Mapped "{[/error]}" onto public org.springframework.http.ResponseEntity<java.util.Map<java.lang.String, java.lang.Object>> org.springframework.boot.autoconfigure.web.servlet.error.BasicErrorController.error(javax.servlet.http.HttpServletRequest)
[2019-12-06 14:35:54] INFO  org.springframework.web.servlet.handler.AbstractHandlerMethodMapping$MappingRegistry 547 register - Mapped "{[/error],produces=[text/html]}" onto public org.springframework.web.servlet.ModelAndView org.springframework.boot.autoconfigure.web.servlet.error.BasicErrorController.errorHtml(javax.servlet.http.HttpServletRequest,javax.servlet.http.HttpServletResponse)
[2019-12-06 14:35:54] INFO  org.springframework.web.servlet.handler.AbstractUrlHandlerMapping 373 registerHandler - Mapped URL path [/webjars/**] onto handler of type [class org.springframework.web.servlet.resource.ResourceHttpRequestHandler]
[2019-12-06 14:35:54] INFO  org.springframework.web.servlet.handler.AbstractUrlHandlerMapping 373 registerHandler - Mapped URL path [/**] onto handler of type [class org.springframework.web.servlet.resource.ResourceHttpRequestHandler]
[2019-12-06 14:35:54] INFO  org.springframework.jmx.export.MBeanExporter 433 afterSingletonsInstantiated - Registering beans for JMX exposure on startup
[2019-12-06 14:35:54] INFO  org.springframework.boot.web.embedded.tomcat.TomcatWebServer 206 start - Tomcat started on port(s): 8080 (http) with context path ''
[2019-12-06 14:35:54] INFO  org.springframework.boot.StartupInfoLogger 59 logStarted - Started SpringbootLog4j2Application in 3.098 seconds (JVM running for 4.901)
[2019-12-06 14:35:58] INFO  org.apache.juli.logging.DirectJDKLog 180 log - Initializing Spring FrameworkServlet 'dispatcherServlet'
[2019-12-06 14:35:58] INFO  org.springframework.web.servlet.FrameworkServlet 494 initServletBean - FrameworkServlet 'dispatcherServlet': initialization started
[2019-12-06 14:35:58] INFO  org.springframework.web.servlet.FrameworkServlet 509 initServletBean - FrameworkServlet 'dispatcherServlet': initialization completed in 25 ms
[2019-12-06 14:35:58] INFO  com.example.controller.UserController 19 Hello - info message
[2019-12-06 14:42:05] INFO  org.springframework.boot.StartupInfoLogger 50 logStarting - Starting SpringbootLog4j2Application on A1789 with PID 496248 (E:\mygitcode\SpringbootDemo\Springboot_Log4j2\target\classes started by jdd in E:\mygitcode\SpringbootDemo)
[2019-12-06 14:42:05] INFO  org.springframework.boot.SpringApplication 659 logStartupProfileInfo - No active profile set, falling back to default profiles: default
[2019-12-06 14:42:05] INFO  org.springframework.context.support.AbstractApplicationContext 590 prepareRefresh - Refreshing org.springframework.boot.web.servlet.context.AnnotationConfigServletWebServerApplicationContext@7205765b: startup date [Fri Dec 06 14:42:05 CST 2019]; root of context hierarchy
[2019-12-06 14:42:06] INFO  org.springframework.boot.web.embedded.tomcat.TomcatWebServer 91 initialize - Tomcat initialized with port(s): 8080 (http)
[2019-12-06 14:42:06] INFO  org.apache.juli.logging.DirectJDKLog 180 log - Starting service [Tomcat]
[2019-12-06 14:42:06] INFO  org.apache.juli.logging.DirectJDKLog 180 log - Starting Servlet Engine: Apache Tomcat/8.5.31
[2019-12-06 14:42:06] INFO  org.apache.juli.logging.DirectJDKLog 180 log - The APR based Apache Tomcat Native library which allows optimal performance in production environments was not found on the java.library.path: [C:\Program Files\Java\jdk1.8.0_31\bin;C:\Windows\Sun\Java\bin;C:\Windows\system32;C:\Windows;C:\Program Files\Java\jdk1.8.0_31\bin;C:\Program Files\Java\jdk1.8.0_31\jre\bin;F:\maven\apache-maven-3.3.9\bin;C:\ProgramData\Oracle\Java\javapath;C:\Windows\system32;C:\Windows;C:\Windows\System32\Wbem;C:\Windows\System32\WindowsPowerShell\v1.0\;C:\Program Files\TortoiseSVN\bin;C:\Program Files\Git\cmd;F:\soft\db\instantclient_12_2;D:\spring-2.0.0.M5\bin;C:\Program Files\nodejs\;C:\Windows\system32\config\systemprofile\.dnx\bin;C:\Program Files\Microsoft DNX\Dnvm\;C:\Program Files\Microsoft SQL Server\120\Tools\Binn\;C:\Program Files\Microsoft SQL Server\130\Tools\Binn\;C:\Program Files\Microsoft SQL Server\120\DTS\Binn\;C:\Program Files\Microsoft SQL Server\Client SDK\ODBC\110\Tools\Binn\;C:\Program Files (x86)\Microsoft SQL Server\120\Tools\Binn\;C:\Program Files (x86)\Microsoft SQL Server\120\Tools\Binn\ManagementStudio\;C:\Program Files (x86)\Microsoft SQL Server\120\DTS\Binn\;D:\Program Files\erl7.1\bin;C:\Users\jdd\AppData\Local\Programs\Fiddler;C:\Users\jdd\AppData\Roaming\npm;C:\Users\jdd\AppData\Roaming\ScanApp2;.]
[2019-12-06 14:42:06] INFO  org.apache.juli.logging.DirectJDKLog 180 log - Initializing Spring embedded WebApplicationContext
[2019-12-06 14:42:06] INFO  org.springframework.boot.web.servlet.context.ServletWebServerApplicationContext 285 prepareWebApplicationContext - Root WebApplicationContext: initialization completed in 1649 ms
[2019-12-06 14:42:07] INFO  org.springframework.boot.web.servlet.ServletRegistrationBean 186 addRegistration - Servlet dispatcherServlet mapped to [/]
[2019-12-06 14:42:07] INFO  org.springframework.boot.web.servlet.AbstractFilterRegistrationBean 245 configure - Mapping filter: 'characterEncodingFilter' to: [/*]
[2019-12-06 14:42:07] INFO  org.springframework.boot.web.servlet.AbstractFilterRegistrationBean 245 configure - Mapping filter: 'hiddenHttpMethodFilter' to: [/*]
[2019-12-06 14:42:07] INFO  org.springframework.boot.web.servlet.AbstractFilterRegistrationBean 245 configure - Mapping filter: 'httpPutFormContentFilter' to: [/*]
[2019-12-06 14:42:07] INFO  org.springframework.boot.web.servlet.AbstractFilterRegistrationBean 245 configure - Mapping filter: 'requestContextFilter' to: [/*]
[2019-12-06 14:42:07] INFO  org.springframework.web.servlet.handler.AbstractUrlHandlerMapping 373 registerHandler - Mapped URL path [/**/favicon.ico] onto handler of type [class org.springframework.web.servlet.resource.ResourceHttpRequestHandler]
[2019-12-06 14:42:07] INFO  org.springframework.web.servlet.mvc.method.annotation.RequestMappingHandlerAdapter 574 initControllerAdviceCache - Looking for @ControllerAdvice: org.springframework.boot.web.servlet.context.AnnotationConfigServletWebServerApplicationContext@7205765b: startup date [Fri Dec 06 14:42:05 CST 2019]; root of context hierarchy
[2019-12-06 14:42:07] INFO  org.springframework.web.servlet.handler.AbstractHandlerMethodMapping$MappingRegistry 547 register - Mapped "{[/hello]}" onto public java.lang.String com.example.controller.UserController.Hello()
[2019-12-06 14:42:07] INFO  org.springframework.web.servlet.handler.AbstractHandlerMethodMapping$MappingRegistry 547 register - Mapped "{[/error]}" onto public org.springframework.http.ResponseEntity<java.util.Map<java.lang.String, java.lang.Object>> org.springframework.boot.autoconfigure.web.servlet.error.BasicErrorController.error(javax.servlet.http.HttpServletRequest)
[2019-12-06 14:42:07] INFO  org.springframework.web.servlet.handler.AbstractHandlerMethodMapping$MappingRegistry 547 register - Mapped "{[/error],produces=[text/html]}" onto public org.springframework.web.servlet.ModelAndView org.springframework.boot.autoconfigure.web.servlet.error.BasicErrorController.errorHtml(javax.servlet.http.HttpServletRequest,javax.servlet.http.HttpServletResponse)
[2019-12-06 14:42:07] INFO  org.springframework.web.servlet.handler.AbstractUrlHandlerMapping 373 registerHandler - Mapped URL path [/webjars/**] onto handler of type [class org.springframework.web.servlet.resource.ResourceHttpRequestHandler]
[2019-12-06 14:42:07] INFO  org.springframework.web.servlet.handler.AbstractUrlHandlerMapping 373 registerHandler - Mapped URL path [/**] onto handler of type [class org.springframework.web.servlet.resource.ResourceHttpRequestHandler]
[2019-12-06 14:42:07] INFO  org.springframework.jmx.export.MBeanExporter 433 afterSingletonsInstantiated - Registering beans for JMX exposure on startup
[2019-12-06 14:42:07] INFO  org.springframework.boot.web.embedded.tomcat.TomcatWebServer 206 start - Tomcat started on port(s): 8080 (http) with context path ''
[2019-12-06 14:42:07] INFO  org.springframework.boot.StartupInfoLogger 59 logStarted - Started SpringbootLog4j2Application in 3.266 seconds (JVM running for 4.303)
[2019-12-06 14:42:11] INFO  org.apache.juli.logging.DirectJDKLog 180 log - Initializing Spring FrameworkServlet 'dispatcherServlet'
[2019-12-06 14:42:11] INFO  org.springframework.web.servlet.FrameworkServlet 494 initServletBean - FrameworkServlet 'dispatcherServlet': initialization started
[2019-12-06 14:42:11] INFO  org.springframework.web.servlet.FrameworkServlet 509 initServletBean - FrameworkServlet 'dispatcherServlet': initialization completed in 18 ms
[2019-12-06 14:42:11] INFO  com.example.controller.UserController 19 Hello - info message
[2019-12-06 14:43:14] INFO  org.springframework.boot.StartupInfoLogger 50 logStarting - Starting SpringbootLog4j2Application on A1789 with PID 494132 (E:\mygitcode\SpringbootDemo\Springboot_Log4j2\target\classes started by jdd in E:\mygitcode\SpringbootDemo)
[2019-12-06 14:43:14] INFO  org.springframework.boot.SpringApplication 659 logStartupProfileInfo - No active profile set, falling back to default profiles: default
[2019-12-06 14:43:15] INFO  org.springframework.context.support.AbstractApplicationContext 590 prepareRefresh - Refreshing org.springframework.boot.web.servlet.context.AnnotationConfigServletWebServerApplicationContext@33990a0c: startup date [Fri Dec 06 14:43:15 CST 2019]; root of context hierarchy
[2019-12-06 14:43:16] INFO  org.springframework.boot.web.embedded.tomcat.TomcatWebServer 91 initialize - Tomcat initialized with port(s): 8080 (http)
[2019-12-06 14:43:16] INFO  org.apache.juli.logging.DirectJDKLog 180 log - Starting service [Tomcat]
[2019-12-06 14:43:16] INFO  org.apache.juli.logging.DirectJDKLog 180 log - Starting Servlet Engine: Apache Tomcat/8.5.31
[2019-12-06 14:43:16] INFO  org.apache.juli.logging.DirectJDKLog 180 log - The APR based Apache Tomcat Native library which allows optimal performance in production environments was not found on the java.library.path: [C:\Program Files\Java\jdk1.8.0_31\bin;C:\Windows\Sun\Java\bin;C:\Windows\system32;C:\Windows;C:\Program Files\Java\jdk1.8.0_31\bin;C:\Program Files\Java\jdk1.8.0_31\jre\bin;F:\maven\apache-maven-3.3.9\bin;C:\ProgramData\Oracle\Java\javapath;C:\Windows\system32;C:\Windows;C:\Windows\System32\Wbem;C:\Windows\System32\WindowsPowerShell\v1.0\;C:\Program Files\TortoiseSVN\bin;C:\Program Files\Git\cmd;F:\soft\db\instantclient_12_2;D:\spring-2.0.0.M5\bin;C:\Program Files\nodejs\;C:\Windows\system32\config\systemprofile\.dnx\bin;C:\Program Files\Microsoft DNX\Dnvm\;C:\Program Files\Microsoft SQL Server\120\Tools\Binn\;C:\Program Files\Microsoft SQL Server\130\Tools\Binn\;C:\Program Files\Microsoft SQL Server\120\DTS\Binn\;C:\Program Files\Microsoft SQL Server\Client SDK\ODBC\110\Tools\Binn\;C:\Program Files (x86)\Microsoft SQL Server\120\Tools\Binn\;C:\Program Files (x86)\Microsoft SQL Server\120\Tools\Binn\ManagementStudio\;C:\Program Files (x86)\Microsoft SQL Server\120\DTS\Binn\;D:\Program Files\erl7.1\bin;C:\Users\jdd\AppData\Local\Programs\Fiddler;C:\Users\jdd\AppData\Roaming\npm;C:\Users\jdd\AppData\Roaming\ScanApp2;.]
[2019-12-06 14:43:16] INFO  org.apache.juli.logging.DirectJDKLog 180 log - Initializing Spring embedded WebApplicationContext
[2019-12-06 14:43:16] INFO  org.springframework.boot.web.servlet.context.ServletWebServerApplicationContext 285 prepareWebApplicationContext - Root WebApplicationContext: initialization completed in 1806 ms
[2019-12-06 14:43:17] INFO  org.springframework.boot.web.servlet.ServletRegistrationBean 186 addRegistration - Servlet dispatcherServlet mapped to [/]
[2019-12-06 14:43:17] INFO  org.springframework.boot.web.servlet.AbstractFilterRegistrationBean 245 configure - Mapping filter: 'characterEncodingFilter' to: [/*]
[2019-12-06 14:43:17] INFO  org.springframework.boot.web.servlet.AbstractFilterRegistrationBean 245 configure - Mapping filter: 'hiddenHttpMethodFilter' to: [/*]
[2019-12-06 14:43:17] INFO  org.springframework.boot.web.servlet.AbstractFilterRegistrationBean 245 configure - Mapping filter: 'httpPutFormContentFilter' to: [/*]
[2019-12-06 14:43:17] INFO  org.springframework.boot.web.servlet.AbstractFilterRegistrationBean 245 configure - Mapping filter: 'requestContextFilter' to: [/*]
[2019-12-06 14:43:17] INFO  org.springframework.web.servlet.handler.AbstractUrlHandlerMapping 373 registerHandler - Mapped URL path [/**/favicon.ico] onto handler of type [class org.springframework.web.servlet.resource.ResourceHttpRequestHandler]
[2019-12-06 14:43:17] INFO  org.springframework.web.servlet.mvc.method.annotation.RequestMappingHandlerAdapter 574 initControllerAdviceCache - Looking for @ControllerAdvice: org.springframework.boot.web.servlet.context.AnnotationConfigServletWebServerApplicationContext@33990a0c: startup date [Fri Dec 06 14:43:15 CST 2019]; root of context hierarchy
[2019-12-06 14:43:17] INFO  org.springframework.web.servlet.handler.AbstractHandlerMethodMapping$MappingRegistry 547 register - Mapped "{[/hello]}" onto public java.lang.String com.example.controller.UserController.Hello()
[2019-12-06 14:43:17] INFO  org.springframework.web.servlet.handler.AbstractHandlerMethodMapping$MappingRegistry 547 register - Mapped "{[/error]}" onto public org.springframework.http.ResponseEntity<java.util.Map<java.lang.String, java.lang.Object>> org.springframework.boot.autoconfigure.web.servlet.error.BasicErrorController.error(javax.servlet.http.HttpServletRequest)
[2019-12-06 14:43:17] INFO  org.springframework.web.servlet.handler.AbstractHandlerMethodMapping$MappingRegistry 547 register - Mapped "{[/error],produces=[text/html]}" onto public org.springframework.web.servlet.ModelAndView org.springframework.boot.autoconfigure.web.servlet.error.BasicErrorController.errorHtml(javax.servlet.http.HttpServletRequest,javax.servlet.http.HttpServletResponse)
[2019-12-06 14:43:17] INFO  org.springframework.web.servlet.handler.AbstractUrlHandlerMapping 373 registerHandler - Mapped URL path [/webjars/**] onto handler of type [class org.springframework.web.servlet.resource.ResourceHttpRequestHandler]
[2019-12-06 14:43:17] INFO  org.springframework.web.servlet.handler.AbstractUrlHandlerMapping 373 registerHandler - Mapped URL path [/**] onto handler of type [class org.springframework.web.servlet.resource.ResourceHttpRequestHandler]
[2019-12-06 14:43:17] INFO  org.springframework.jmx.export.MBeanExporter 433 afterSingletonsInstantiated - Registering beans for JMX exposure on startup
[2019-12-06 14:43:17] INFO  org.springframework.boot.web.embedded.tomcat.TomcatWebServer 206 start - Tomcat started on port(s): 8080 (http) with context path ''
[2019-12-06 14:43:17] INFO  org.springframework.boot.StartupInfoLogger 59 logStarted - Started SpringbootLog4j2Application in 3.639 seconds (JVM running for 4.742)
[2019-12-06 14:43:23] INFO  org.apache.juli.logging.DirectJDKLog 180 log - Initializing Spring FrameworkServlet 'dispatcherServlet'
[2019-12-06 14:43:23] INFO  org.springframework.web.servlet.FrameworkServlet 494 initServletBean - FrameworkServlet 'dispatcherServlet': initialization started
[2019-12-06 14:43:23] INFO  org.springframework.web.servlet.FrameworkServlet 509 initServletBean - FrameworkServlet 'dispatcherServlet': initialization completed in 21 ms
[2019-12-06 14:43:23] INFO  com.example.controller.UserController 19 Hello - info message
[2019-12-06 14:48:43] INFO  org.springframework.boot.StartupInfoLogger 50 logStarting - Starting SpringbootLog4j2Application on A1789 with PID 491028 (E:\mygitcode\SpringbootDemo\Springboot_Log4j2\target\classes started by jdd in E:\mygitcode\SpringbootDemo)
[2019-12-06 14:48:43] INFO  org.springframework.boot.SpringApplication 659 logStartupProfileInfo - No active profile set, falling back to default profiles: default
[2019-12-06 14:48:43] INFO  org.springframework.context.support.AbstractApplicationContext 590 prepareRefresh - Refreshing org.springframework.boot.web.servlet.context.AnnotationConfigServletWebServerApplicationContext@15aab8c6: startup date [Fri Dec 06 14:48:43 CST 2019]; root of context hierarchy
[2019-12-06 14:48:44] INFO  org.springframework.boot.web.embedded.tomcat.TomcatWebServer 91 initialize - Tomcat initialized with port(s): 8080 (http)
[2019-12-06 14:48:44] INFO  org.apache.juli.logging.DirectJDKLog 180 log - Starting service [Tomcat]
[2019-12-06 14:48:44] INFO  org.apache.juli.logging.DirectJDKLog 180 log - Starting Servlet Engine: Apache Tomcat/8.5.31
[2019-12-06 14:48:44] INFO  org.apache.juli.logging.DirectJDKLog 180 log - The APR based Apache Tomcat Native library which allows optimal performance in production environments was not found on the java.library.path: [C:\Program Files\Java\jdk1.8.0_31\bin;C:\Windows\Sun\Java\bin;C:\Windows\system32;C:\Windows;C:\Program Files\Java\jdk1.8.0_31\bin;C:\Program Files\Java\jdk1.8.0_31\jre\bin;F:\maven\apache-maven-3.3.9\bin;C:\ProgramData\Oracle\Java\javapath;C:\Windows\system32;C:\Windows;C:\Windows\System32\Wbem;C:\Windows\System32\WindowsPowerShell\v1.0\;C:\Program Files\TortoiseSVN\bin;C:\Program Files\Git\cmd;F:\soft\db\instantclient_12_2;D:\spring-2.0.0.M5\bin;C:\Program Files\nodejs\;C:\Windows\system32\config\systemprofile\.dnx\bin;C:\Program Files\Microsoft DNX\Dnvm\;C:\Program Files\Microsoft SQL Server\120\Tools\Binn\;C:\Program Files\Microsoft SQL Server\130\Tools\Binn\;C:\Program Files\Microsoft SQL Server\120\DTS\Binn\;C:\Program Files\Microsoft SQL Server\Client SDK\ODBC\110\Tools\Binn\;C:\Program Files (x86)\Microsoft SQL Server\120\Tools\Binn\;C:\Program Files (x86)\Microsoft SQL Server\120\Tools\Binn\ManagementStudio\;C:\Program Files (x86)\Microsoft SQL Server\120\DTS\Binn\;D:\Program Files\erl7.1\bin;C:\Users\jdd\AppData\Local\Programs\Fiddler;C:\Users\jdd\AppData\Roaming\npm;C:\Users\jdd\AppData\Roaming\ScanApp2;.]
[2019-12-06 14:48:45] INFO  org.apache.juli.logging.DirectJDKLog 180 log - Initializing Spring embedded WebApplicationContext
[2019-12-06 14:48:45] INFO  org.springframework.boot.web.servlet.context.ServletWebServerApplicationContext 285 prepareWebApplicationContext - Root WebApplicationContext: initialization completed in 1746 ms
[2019-12-06 14:48:45] INFO  org.springframework.boot.web.servlet.ServletRegistrationBean 186 addRegistration - Servlet dispatcherServlet mapped to [/]
[2019-12-06 14:48:45] INFO  org.springframework.boot.web.servlet.AbstractFilterRegistrationBean 245 configure - Mapping filter: 'characterEncodingFilter' to: [/*]
[2019-12-06 14:48:45] INFO  org.springframework.boot.web.servlet.AbstractFilterRegistrationBean 245 configure - Mapping filter: 'hiddenHttpMethodFilter' to: [/*]
[2019-12-06 14:48:45] INFO  org.springframework.boot.web.servlet.AbstractFilterRegistrationBean 245 configure - Mapping filter: 'httpPutFormContentFilter' to: [/*]
[2019-12-06 14:48:45] INFO  org.springframework.boot.web.servlet.AbstractFilterRegistrationBean 245 configure - Mapping filter: 'requestContextFilter' to: [/*]
[2019-12-06 14:48:45] INFO  org.springframework.web.servlet.handler.AbstractUrlHandlerMapping 373 registerHandler - Mapped URL path [/**/favicon.ico] onto handler of type [class org.springframework.web.servlet.resource.ResourceHttpRequestHandler]
[2019-12-06 14:48:45] INFO  org.springframework.web.servlet.mvc.method.annotation.RequestMappingHandlerAdapter 574 initControllerAdviceCache - Looking for @ControllerAdvice: org.springframework.boot.web.servlet.context.AnnotationConfigServletWebServerApplicationContext@15aab8c6: startup date [Fri Dec 06 14:48:43 CST 2019]; root of context hierarchy
[2019-12-06 14:48:45] INFO  org.springframework.web.servlet.handler.AbstractHandlerMethodMapping$MappingRegistry 547 register - Mapped "{[/hello]}" onto public java.lang.String com.example.controller.UserController.Hello()
[2019-12-06 14:48:45] INFO  org.springframework.web.servlet.handler.AbstractHandlerMethodMapping$MappingRegistry 547 register - Mapped "{[/error]}" onto public org.springframework.http.ResponseEntity<java.util.Map<java.lang.String, java.lang.Object>> org.springframework.boot.autoconfigure.web.servlet.error.BasicErrorController.error(javax.servlet.http.HttpServletRequest)
[2019-12-06 14:48:45] INFO  org.springframework.web.servlet.handler.AbstractHandlerMethodMapping$MappingRegistry 547 register - Mapped "{[/error],produces=[text/html]}" onto public org.springframework.web.servlet.ModelAndView org.springframework.boot.autoconfigure.web.servlet.error.BasicErrorController.errorHtml(javax.servlet.http.HttpServletRequest,javax.servlet.http.HttpServletResponse)
[2019-12-06 14:48:45] INFO  org.springframework.web.servlet.handler.AbstractUrlHandlerMapping 373 registerHandler - Mapped URL path [/webjars/**] onto handler of type [class org.springframework.web.servlet.resource.ResourceHttpRequestHandler]
[2019-12-06 14:48:45] INFO  org.springframework.web.servlet.handler.AbstractUrlHandlerMapping 373 registerHandler - Mapped URL path [/**] onto handler of type [class org.springframework.web.servlet.resource.ResourceHttpRequestHandler]
[2019-12-06 14:48:46] INFO  org.springframework.jmx.export.MBeanExporter 433 afterSingletonsInstantiated - Registering beans for JMX exposure on startup
[2019-12-06 14:48:46] INFO  org.springframework.boot.web.embedded.tomcat.TomcatWebServer 206 start - Tomcat started on port(s): 8080 (http) with context path ''
[2019-12-06 14:48:46] INFO  org.springframework.boot.StartupInfoLogger 59 logStarted - Started SpringbootLog4j2Application in 3.597 seconds (JVM running for 4.8)
[2019-12-06 14:48:48] INFO  org.apache.juli.logging.DirectJDKLog 180 log - Initializing Spring FrameworkServlet 'dispatcherServlet'
[2019-12-06 14:48:48] INFO  org.springframework.web.servlet.FrameworkServlet 494 initServletBean - FrameworkServlet 'dispatcherServlet': initialization started
[2019-12-06 14:48:48] INFO  org.springframework.web.servlet.FrameworkServlet 509 initServletBean - FrameworkServlet 'dispatcherServlet': initialization completed in 27 ms
[2019-12-06 14:48:49] INFO  com.example.controller.UserController 19 Hello - info message
[2019-12-06 15:09:50] INFO  org.springframework.boot.StartupInfoLogger 50 logStarting - Starting SpringbootLog4j2Application on A1789 with PID 493012 (E:\mygitcode\SpringbootDemo\Springboot_Log4j2\target\classes started by jdd in E:\mygitcode\SpringbootDemo)
[2019-12-06 15:09:50] INFO  org.springframework.boot.SpringApplication 659 logStartupProfileInfo - No active profile set, falling back to default profiles: default
[2019-12-06 15:09:50] INFO  org.springframework.context.support.AbstractApplicationContext 590 prepareRefresh - Refreshing org.springframework.boot.web.servlet.context.AnnotationConfigServletWebServerApplicationContext@2b48a640: startup date [Fri Dec 06 15:09:50 CST 2019]; root of context hierarchy
[2019-12-06 15:09:52] INFO  org.springframework.boot.web.embedded.tomcat.TomcatWebServer 91 initialize - Tomcat initialized with port(s): 8080 (http)
[2019-12-06 15:09:52] INFO  org.apache.juli.logging.DirectJDKLog 180 log - Starting service [Tomcat]
[2019-12-06 15:09:52] INFO  org.apache.juli.logging.DirectJDKLog 180 log - Starting Servlet Engine: Apache Tomcat/8.5.31
[2019-12-06 15:09:52] INFO  org.apache.juli.logging.DirectJDKLog 180 log - The APR based Apache Tomcat Native library which allows optimal performance in production environments was not found on the java.library.path: [C:\Program Files\Java\jdk1.8.0_31\bin;C:\Windows\Sun\Java\bin;C:\Windows\system32;C:\Windows;C:\Program Files\Java\jdk1.8.0_31\bin;C:\Program Files\Java\jdk1.8.0_31\jre\bin;F:\maven\apache-maven-3.3.9\bin;C:\ProgramData\Oracle\Java\javapath;C:\Windows\system32;C:\Windows;C:\Windows\System32\Wbem;C:\Windows\System32\WindowsPowerShell\v1.0\;C:\Program Files\TortoiseSVN\bin;C:\Program Files\Git\cmd;F:\soft\db\instantclient_12_2;D:\spring-2.0.0.M5\bin;C:\Program Files\nodejs\;C:\Windows\system32\config\systemprofile\.dnx\bin;C:\Program Files\Microsoft DNX\Dnvm\;C:\Program Files\Microsoft SQL Server\120\Tools\Binn\;C:\Program Files\Microsoft SQL Server\130\Tools\Binn\;C:\Program Files\Microsoft SQL Server\120\DTS\Binn\;C:\Program Files\Microsoft SQL Server\Client SDK\ODBC\110\Tools\Binn\;C:\Program Files (x86)\Microsoft SQL Server\120\Tools\Binn\;C:\Program Files (x86)\Microsoft SQL Server\120\Tools\Binn\ManagementStudio\;C:\Program Files (x86)\Microsoft SQL Server\120\DTS\Binn\;D:\Program Files\erl7.1\bin;C:\Users\jdd\AppData\Local\Programs\Fiddler;C:\Users\jdd\AppData\Roaming\npm;C:\Users\jdd\AppData\Roaming\ScanApp2;.]
[2019-12-06 15:09:52] INFO  org.apache.juli.logging.DirectJDKLog 180 log - Initializing Spring embedded WebApplicationContext
[2019-12-06 15:09:52] INFO  org.springframework.boot.web.servlet.context.ServletWebServerApplicationContext 285 prepareWebApplicationContext - Root WebApplicationContext: initialization completed in 1841 ms
[2019-12-06 15:09:52] INFO  org.springframework.boot.web.servlet.ServletRegistrationBean 186 addRegistration - Servlet dispatcherServlet mapped to [/]
[2019-12-06 15:09:52] INFO  org.springframework.boot.web.servlet.AbstractFilterRegistrationBean 245 configure - Mapping filter: 'characterEncodingFilter' to: [/*]
[2019-12-06 15:09:52] INFO  org.springframework.boot.web.servlet.AbstractFilterRegistrationBean 245 configure - Mapping filter: 'hiddenHttpMethodFilter' to: [/*]
[2019-12-06 15:09:52] INFO  org.springframework.boot.web.servlet.AbstractFilterRegistrationBean 245 configure - Mapping filter: 'httpPutFormContentFilter' to: [/*]
[2019-12-06 15:09:52] INFO  org.springframework.boot.web.servlet.AbstractFilterRegistrationBean 245 configure - Mapping filter: 'requestContextFilter' to: [/*]
[2019-12-06 15:09:52] INFO  org.springframework.web.servlet.handler.AbstractUrlHandlerMapping 373 registerHandler - Mapped URL path [/**/favicon.ico] onto handler of type [class org.springframework.web.servlet.resource.ResourceHttpRequestHandler]
[2019-12-06 15:09:52] INFO  org.springframework.web.servlet.mvc.method.annotation.RequestMappingHandlerAdapter 574 initControllerAdviceCache - Looking for @ControllerAdvice: org.springframework.boot.web.servlet.context.AnnotationConfigServletWebServerApplicationContext@2b48a640: startup date [Fri Dec 06 15:09:50 CST 2019]; root of context hierarchy
[2019-12-06 15:09:52] INFO  org.springframework.web.servlet.handler.AbstractHandlerMethodMapping$MappingRegistry 547 register - Mapped "{[/hello]}" onto public java.lang.String com.example.controller.UserController.Hello()
[2019-12-06 15:09:52] INFO  org.springframework.web.servlet.handler.AbstractHandlerMethodMapping$MappingRegistry 547 register - Mapped "{[/error]}" onto public org.springframework.http.ResponseEntity<java.util.Map<java.lang.String, java.lang.Object>> org.springframework.boot.autoconfigure.web.servlet.error.BasicErrorController.error(javax.servlet.http.HttpServletRequest)
[2019-12-06 15:09:52] INFO  org.springframework.web.servlet.handler.AbstractHandlerMethodMapping$MappingRegistry 547 register - Mapped "{[/error],produces=[text/html]}" onto public org.springframework.web.servlet.ModelAndView org.springframework.boot.autoconfigure.web.servlet.error.BasicErrorController.errorHtml(javax.servlet.http.HttpServletRequest,javax.servlet.http.HttpServletResponse)
[2019-12-06 15:09:53] INFO  org.springframework.web.servlet.handler.AbstractUrlHandlerMapping 373 registerHandler - Mapped URL path [/webjars/**] onto handler of type [class org.springframework.web.servlet.resource.ResourceHttpRequestHandler]
[2019-12-06 15:09:53] INFO  org.springframework.web.servlet.handler.AbstractUrlHandlerMapping 373 registerHandler - Mapped URL path [/**] onto handler of type [class org.springframework.web.servlet.resource.ResourceHttpRequestHandler]
[2019-12-06 15:09:53] INFO  org.springframework.jmx.export.MBeanExporter 433 afterSingletonsInstantiated - Registering beans for JMX exposure on startup
[2019-12-06 15:09:53] INFO  org.springframework.boot.web.embedded.tomcat.TomcatWebServer 206 start - Tomcat started on port(s): 8080 (http) with context path ''
[2019-12-06 15:09:53] INFO  org.springframework.boot.StartupInfoLogger 59 logStarted - Started SpringbootLog4j2Application in 3.687 seconds (JVM running for 4.903)
[2019-12-06 15:10:10] INFO  org.apache.juli.logging.DirectJDKLog 180 log - Initializing Spring FrameworkServlet 'dispatcherServlet'
[2019-12-06 15:10:10] INFO  org.springframework.web.servlet.FrameworkServlet 494 initServletBean - FrameworkServlet 'dispatcherServlet': initialization started
[2019-12-06 15:10:10] INFO  org.springframework.web.servlet.FrameworkServlet 509 initServletBean - FrameworkServlet 'dispatcherServlet': initialization completed in 26 ms
[2019-12-06 15:10:10] INFO  com.example.controller.UserController 19 Hello - info message
[2019-12-06 15:10:13] INFO  com.example.controller.UserController 19 Hello - info message
